{"C:\\Users\\b.antwi-agyei\\OneDrive - Playtech\\Documents\\Scooter_Challenge\\Classes\\Bank.js": {"path":"C:\\Users\\b.antwi-agyei\\OneDrive - Playtech\\Documents\\Scooter_Challenge\\Classes\\Bank.js","statementMap":{"0":{"start":{"line":1,"column":16},"end":{"line":1,"column":36}},"1":{"start":{"line":2,"column":15},"end":{"line":2,"column":39}},"2":{"start":{"line":7,"column":8},"end":{"line":7,"column":25}},"3":{"start":{"line":8,"column":8},"end":{"line":8,"column":25}},"4":{"start":{"line":9,"column":8},"end":{"line":9,"column":25}},"5":{"start":{"line":14,"column":8},"end":{"line":14,"column":70}},"6":{"start":{"line":15,"column":8},"end":{"line":15,"column":64}},"7":{"start":{"line":15,"column":37},"end":{"line":15,"column":62}},"8":{"start":{"line":16,"column":8},"end":{"line":16,"column":70}},"9":{"start":{"line":23,"column":0},"end":{"line":23,"column":21}}},"fnMap":{"0":{"name":"(anonymous_0)","decl":{"start":{"line":6,"column":4},"end":{"line":6,"column":5}},"loc":{"start":{"line":6,"column":28},"end":{"line":10,"column":5}},"line":6},"1":{"name":"(anonymous_1)","decl":{"start":{"line":13,"column":4},"end":{"line":13,"column":5}},"loc":{"start":{"line":13,"column":24},"end":{"line":17,"column":5}},"line":13},"2":{"name":"(anonymous_2)","decl":{"start":{"line":15,"column":26},"end":{"line":15,"column":27}},"loc":{"start":{"line":15,"column":37},"end":{"line":15,"column":62}},"line":15}},"branchMap":{},"s":{"0":2,"1":2,"2":1,"3":1,"4":1,"5":1,"6":1,"7":1,"8":1,"9":2},"f":{"0":1,"1":1,"2":1},"b":{},"_coverageSchema":"1a1c01bbd47fc00a2c39e90264f33305004495a9","hash":"c8a6e1cf8fc50d8653d293c7855c07f083e07288"}
,"C:\\Users\\b.antwi-agyei\\OneDrive - Playtech\\Documents\\Scooter_Challenge\\Classes\\CardIssuer.js": {"path":"C:\\Users\\b.antwi-agyei\\OneDrive - Playtech\\Documents\\Scooter_Challenge\\Classes\\CardIssuer.js","statementMap":{"0":{"start":{"line":1,"column":16},"end":{"line":1,"column":36}},"1":{"start":{"line":6,"column":8},"end":{"line":6,"column":25}},"2":{"start":{"line":7,"column":8},"end":{"line":7,"column":25}},"3":{"start":{"line":8,"column":8},"end":{"line":8,"column":25}},"4":{"start":{"line":13,"column":8},"end":{"line":13,"column":62}},"5":{"start":{"line":14,"column":8},"end":{"line":14,"column":64}},"6":{"start":{"line":14,"column":37},"end":{"line":14,"column":62}},"7":{"start":{"line":15,"column":8},"end":{"line":15,"column":70}},"8":{"start":{"line":19,"column":0},"end":{"line":19,"column":27}}},"fnMap":{"0":{"name":"(anonymous_0)","decl":{"start":{"line":5,"column":4},"end":{"line":5,"column":5}},"loc":{"start":{"line":5,"column":28},"end":{"line":9,"column":5}},"line":5},"1":{"name":"(anonymous_1)","decl":{"start":{"line":12,"column":4},"end":{"line":12,"column":5}},"loc":{"start":{"line":12,"column":24},"end":{"line":16,"column":5}},"line":12},"2":{"name":"(anonymous_2)","decl":{"start":{"line":14,"column":26},"end":{"line":14,"column":27}},"loc":{"start":{"line":14,"column":37},"end":{"line":14,"column":62}},"line":14}},"branchMap":{},"s":{"0":1,"1":1,"2":1,"3":1,"4":1,"5":1,"6":1,"7":1,"8":1},"f":{"0":1,"1":1,"2":1},"b":{},"_coverageSchema":"1a1c01bbd47fc00a2c39e90264f33305004495a9","hash":"3445bccbbfb198d9963e21ff31281b2ff06aff26"}
,"C:\\Users\\b.antwi-agyei\\OneDrive - Playtech\\Documents\\Scooter_Challenge\\Classes\\GooglePay.js": {"path":"C:\\Users\\b.antwi-agyei\\OneDrive - Playtech\\Documents\\Scooter_Challenge\\Classes\\GooglePay.js","statementMap":{"0":{"start":{"line":1,"column":16},"end":{"line":1,"column":36}},"1":{"start":{"line":6,"column":8},"end":{"line":6,"column":25}},"2":{"start":{"line":7,"column":8},"end":{"line":7,"column":25}},"3":{"start":{"line":8,"column":8},"end":{"line":8,"column":25}},"4":{"start":{"line":12,"column":8},"end":{"line":12,"column":63}},"5":{"start":{"line":13,"column":8},"end":{"line":13,"column":64}},"6":{"start":{"line":13,"column":37},"end":{"line":13,"column":62}},"7":{"start":{"line":14,"column":15},"end":{"line":14,"column":75}},"8":{"start":{"line":15,"column":8},"end":{"line":15,"column":17}},"9":{"start":{"line":19,"column":0},"end":{"line":19,"column":26}}},"fnMap":{"0":{"name":"(anonymous_0)","decl":{"start":{"line":5,"column":4},"end":{"line":5,"column":5}},"loc":{"start":{"line":5,"column":28},"end":{"line":9,"column":5}},"line":5},"1":{"name":"(anonymous_1)","decl":{"start":{"line":11,"column":4},"end":{"line":11,"column":5}},"loc":{"start":{"line":11,"column":24},"end":{"line":16,"column":5}},"line":11},"2":{"name":"(anonymous_2)","decl":{"start":{"line":13,"column":26},"end":{"line":13,"column":27}},"loc":{"start":{"line":13,"column":37},"end":{"line":13,"column":62}},"line":13}},"branchMap":{},"s":{"0":2,"1":2,"2":2,"3":2,"4":1,"5":1,"6":1,"7":1,"8":1,"9":2},"f":{"0":2,"1":1,"2":1},"b":{},"_coverageSchema":"1a1c01bbd47fc00a2c39e90264f33305004495a9","hash":"88426eeb2893aad0fab7db58670b64560818ccbe"}
,"C:\\Users\\b.antwi-agyei\\OneDrive - Playtech\\Documents\\Scooter_Challenge\\Classes\\Guest.js": {"path":"C:\\Users\\b.antwi-agyei\\OneDrive - Playtech\\Documents\\Scooter_Challenge\\Classes\\Guest.js","statementMap":{"0":{"start":{"line":10,"column":8},"end":{"line":10,"column":25}},"1":{"start":{"line":11,"column":8},"end":{"line":11,"column":23}},"2":{"start":{"line":12,"column":8},"end":{"line":12,"column":31}},"3":{"start":{"line":13,"column":8},"end":{"line":13,"column":27}},"4":{"start":{"line":14,"column":8},"end":{"line":14,"column":27}},"5":{"start":{"line":18,"column":8},"end":{"line":24,"column":9}},"6":{"start":{"line":20,"column":12},"end":{"line":20,"column":34}},"7":{"start":{"line":23,"column":12},"end":{"line":23,"column":42}},"8":{"start":{"line":28,"column":8},"end":{"line":28,"column":33}},"9":{"start":{"line":38,"column":0},"end":{"line":38,"column":23}}},"fnMap":{"0":{"name":"(anonymous_0)","decl":{"start":{"line":9,"column":4},"end":{"line":9,"column":5}},"loc":{"start":{"line":9,"column":43},"end":{"line":15,"column":5}},"line":9},"1":{"name":"(anonymous_1)","decl":{"start":{"line":17,"column":4},"end":{"line":17,"column":5}},"loc":{"start":{"line":17,"column":16},"end":{"line":25,"column":5}},"line":17},"2":{"name":"(anonymous_2)","decl":{"start":{"line":27,"column":4},"end":{"line":27,"column":5}},"loc":{"start":{"line":27,"column":17},"end":{"line":30,"column":5}},"line":27}},"branchMap":{"0":{"loc":{"start":{"line":18,"column":8},"end":{"line":24,"column":9}},"type":"if","locations":[{"start":{"line":18,"column":8},"end":{"line":24,"column":9}},{"start":{"line":22,"column":13},"end":{"line":24,"column":9}}],"line":18}},"s":{"0":12,"1":12,"2":12,"3":12,"4":12,"5":3,"6":0,"7":3,"8":4,"9":2},"f":{"0":12,"1":3,"2":4},"b":{"0":[0,3]},"_coverageSchema":"1a1c01bbd47fc00a2c39e90264f33305004495a9","hash":"0cf2538540720cd0a2d0b2e3bdf6c033da8b81c0"}
,"C:\\Users\\b.antwi-agyei\\OneDrive - Playtech\\Documents\\Scooter_Challenge\\Classes\\Payment.js": {"path":"C:\\Users\\b.antwi-agyei\\OneDrive - Playtech\\Documents\\Scooter_Challenge\\Classes\\Payment.js","statementMap":{"0":{"start":{"line":8,"column":8},"end":{"line":8,"column":25}},"1":{"start":{"line":9,"column":8},"end":{"line":9,"column":25}},"2":{"start":{"line":10,"column":8},"end":{"line":10,"column":31}},"3":{"start":{"line":15,"column":8},"end":{"line":21,"column":9}},"4":{"start":{"line":16,"column":12},"end":{"line":16,"column":68}},"5":{"start":{"line":16,"column":41},"end":{"line":16,"column":66}},"6":{"start":{"line":17,"column":12},"end":{"line":17,"column":48}},"7":{"start":{"line":20,"column":12},"end":{"line":20,"column":71}},"8":{"start":{"line":26,"column":16},"end":{"line":26,"column":76}},"9":{"start":{"line":27,"column":8},"end":{"line":27,"column":17}},"10":{"start":{"line":34,"column":0},"end":{"line":34,"column":24}}},"fnMap":{"0":{"name":"(anonymous_0)","decl":{"start":{"line":7,"column":4},"end":{"line":7,"column":5}},"loc":{"start":{"line":7,"column":37},"end":{"line":12,"column":5}},"line":7},"1":{"name":"(anonymous_1)","decl":{"start":{"line":14,"column":4},"end":{"line":14,"column":5}},"loc":{"start":{"line":14,"column":30},"end":{"line":22,"column":5}},"line":14},"2":{"name":"(anonymous_2)","decl":{"start":{"line":16,"column":30},"end":{"line":16,"column":31}},"loc":{"start":{"line":16,"column":41},"end":{"line":16,"column":66}},"line":16},"3":{"name":"(anonymous_3)","decl":{"start":{"line":24,"column":4},"end":{"line":24,"column":5}},"loc":{"start":{"line":24,"column":18},"end":{"line":28,"column":5}},"line":24}},"branchMap":{"0":{"loc":{"start":{"line":15,"column":8},"end":{"line":21,"column":9}},"type":"if","locations":[{"start":{"line":15,"column":8},"end":{"line":21,"column":9}},{"start":{"line":19,"column":15},"end":{"line":21,"column":9}}],"line":15}},"s":{"0":7,"1":7,"2":7,"3":2,"4":1,"5":1,"6":1,"7":1,"8":1,"9":1,"10":5},"f":{"0":7,"1":2,"2":1,"3":1},"b":{"0":[1,1]},"_coverageSchema":"1a1c01bbd47fc00a2c39e90264f33305004495a9","hash":"2abc9bba2fa1ed837d1724706df11e269677e723"}
,"C:\\Users\\b.antwi-agyei\\OneDrive - Playtech\\Documents\\Scooter_Challenge\\Classes\\Scooter.js": {"path":"C:\\Users\\b.antwi-agyei\\OneDrive - Playtech\\Documents\\Scooter_Challenge\\Classes\\Scooter.js","statementMap":{"0":{"start":{"line":10,"column":8},"end":{"line":10,"column":37}},"1":{"start":{"line":11,"column":8},"end":{"line":11,"column":25}},"2":{"start":{"line":12,"column":8},"end":{"line":12,"column":49}},"3":{"start":{"line":13,"column":8},"end":{"line":13,"column":33}},"4":{"start":{"line":14,"column":8},"end":{"line":14,"column":20}},"5":{"start":{"line":18,"column":8},"end":{"line":18,"column":45}},"6":{"start":{"line":19,"column":8},"end":{"line":19,"column":34}},"7":{"start":{"line":24,"column":16},"end":{"line":24,"column":26}},"8":{"start":{"line":25,"column":8},"end":{"line":25,"column":18}},"9":{"start":{"line":29,"column":8},"end":{"line":32,"column":9}},"10":{"start":{"line":30,"column":20},"end":{"line":30,"column":64}},"11":{"start":{"line":31,"column":12},"end":{"line":31,"column":21}},"12":{"start":{"line":33,"column":8},"end":{"line":33,"column":47}},"13":{"start":{"line":34,"column":8},"end":{"line":34,"column":26}},"14":{"start":{"line":37,"column":0},"end":{"line":37,"column":24}}},"fnMap":{"0":{"name":"(anonymous_0)","decl":{"start":{"line":9,"column":4},"end":{"line":9,"column":5}},"loc":{"start":{"line":9,"column":62},"end":{"line":15,"column":5}},"line":9},"1":{"name":"(anonymous_1)","decl":{"start":{"line":17,"column":4},"end":{"line":17,"column":5}},"loc":{"start":{"line":17,"column":16},"end":{"line":20,"column":5}},"line":17},"2":{"name":"(anonymous_2)","decl":{"start":{"line":22,"column":4},"end":{"line":22,"column":5}},"loc":{"start":{"line":22,"column":28},"end":{"line":35,"column":5}},"line":22}},"branchMap":{"0":{"loc":{"start":{"line":29,"column":8},"end":{"line":32,"column":9}},"type":"if","locations":[{"start":{"line":29,"column":8},"end":{"line":32,"column":9}},{"start":{},"end":{}}],"line":29},"1":{"loc":{"start":{"line":29,"column":12},"end":{"line":29,"column":65}},"type":"binary-expr","locations":[{"start":{"line":29,"column":12},"end":{"line":29,"column":41}},{"start":{"line":29,"column":45},"end":{"line":29,"column":65}}],"line":29}},"s":{"0":6,"1":6,"2":6,"3":6,"4":6,"5":1,"6":1,"7":6,"8":6,"9":6,"10":2,"11":2,"12":4,"13":4,"14":2},"f":{"0":6,"1":1,"2":6},"b":{"0":[2,4],"1":[6,4]},"_coverageSchema":"1a1c01bbd47fc00a2c39e90264f33305004495a9","hash":"fc5e9f777c37d85a921d9442597824bad72fffa7"}
,"C:\\Users\\b.antwi-agyei\\OneDrive - Playtech\\Documents\\Scooter_Challenge\\Classes\\Station.js": {"path":"C:\\Users\\b.antwi-agyei\\OneDrive - Playtech\\Documents\\Scooter_Challenge\\Classes\\Station.js","statementMap":{"0":{"start":{"line":4,"column":15},"end":{"line":4,"column":19}},"1":{"start":{"line":7,"column":8},"end":{"line":7,"column":23}},"2":{"start":{"line":12,"column":8},"end":{"line":12,"column":39}},"3":{"start":{"line":14,"column":8},"end":{"line":14,"column":64}},"4":{"start":{"line":14,"column":37},"end":{"line":14,"column":62}},"5":{"start":{"line":22,"column":0},"end":{"line":22,"column":22}}},"fnMap":{"0":{"name":"(anonymous_0)","decl":{"start":{"line":6,"column":4},"end":{"line":6,"column":5}},"loc":{"start":{"line":6,"column":21},"end":{"line":9,"column":5}},"line":6},"1":{"name":"(anonymous_1)","decl":{"start":{"line":11,"column":4},"end":{"line":11,"column":5}},"loc":{"start":{"line":11,"column":25},"end":{"line":18,"column":5}},"line":11},"2":{"name":"(anonymous_2)","decl":{"start":{"line":14,"column":26},"end":{"line":14,"column":27}},"loc":{"start":{"line":14,"column":37},"end":{"line":14,"column":62}},"line":14}},"branchMap":{},"s":{"0":2,"1":2,"2":2,"3":2,"4":2,"5":2},"f":{"0":2,"1":2,"2":2},"b":{},"_coverageSchema":"1a1c01bbd47fc00a2c39e90264f33305004495a9","hash":"86afb149947cff45fe7ca32a14ac5c4166fa497b"}
,"C:\\Users\\b.antwi-agyei\\OneDrive - Playtech\\Documents\\Scooter_Challenge\\Classes\\User.js": {"path":"C:\\Users\\b.antwi-agyei\\OneDrive - Playtech\\Documents\\Scooter_Challenge\\Classes\\User.js","statementMap":{"0":{"start":{"line":1,"column":14},"end":{"line":1,"column":32}},"1":{"start":{"line":2,"column":16},"end":{"line":2,"column":36}},"2":{"start":{"line":3,"column":16},"end":{"line":3,"column":36}},"3":{"start":{"line":4,"column":13},"end":{"line":4,"column":30}},"4":{"start":{"line":5,"column":15},"end":{"line":5,"column":37}},"5":{"start":{"line":6,"column":18},"end":{"line":6,"column":40}},"6":{"start":{"line":7,"column":16},"end":{"line":7,"column":36}},"7":{"start":{"line":8,"column":15},"end":{"line":8,"column":55}},"8":{"start":{"line":18,"column":8},"end":{"line":18,"column":40}},"9":{"start":{"line":19,"column":8},"end":{"line":19,"column":39}},"10":{"start":{"line":20,"column":8},"end":{"line":20,"column":27}},"11":{"start":{"line":26,"column":8},"end":{"line":26,"column":16}},"12":{"start":{"line":28,"column":8},"end":{"line":28,"column":30}},"13":{"start":{"line":37,"column":16},"end":{"line":37,"column":26}},"14":{"start":{"line":38,"column":8},"end":{"line":38,"column":18}},"15":{"start":{"line":40,"column":8},"end":{"line":40,"column":16}},"16":{"start":{"line":43,"column":8},"end":{"line":43,"column":49}},"17":{"start":{"line":46,"column":8},"end":{"line":46,"column":96}},"18":{"start":{"line":46,"column":45},"end":{"line":46,"column":94}},"19":{"start":{"line":46,"column":78},"end":{"line":46,"column":93}},"20":{"start":{"line":52,"column":8},"end":{"line":52,"column":32}},"21":{"start":{"line":53,"column":8},"end":{"line":53,"column":53}},"22":{"start":{"line":54,"column":8},"end":{"line":54,"column":29}},"23":{"start":{"line":61,"column":8},"end":{"line":61,"column":64}},"24":{"start":{"line":61,"column":37},"end":{"line":61,"column":62}},"25":{"start":{"line":62,"column":8},"end":{"line":62,"column":34}},"26":{"start":{"line":69,"column":0},"end":{"line":69,"column":21}},"27":{"start":{"line":73,"column":10},"end":{"line":73,"column":60}},"28":{"start":{"line":74,"column":10},"end":{"line":74,"column":59}},"29":{"start":{"line":75,"column":10},"end":{"line":75,"column":59}},"30":{"start":{"line":76,"column":10},"end":{"line":76,"column":59}},"31":{"start":{"line":79,"column":10},"end":{"line":79,"column":45}},"32":{"start":{"line":82,"column":10},"end":{"line":82,"column":52}},"33":{"start":{"line":84,"column":10},"end":{"line":84,"column":43}},"34":{"start":{"line":86,"column":11},"end":{"line":86,"column":34}}},"fnMap":{"0":{"name":"(anonymous_0)","decl":{"start":{"line":17,"column":4},"end":{"line":17,"column":5}},"loc":{"start":{"line":17,"column":54},"end":{"line":21,"column":5}},"line":17},"1":{"name":"(anonymous_1)","decl":{"start":{"line":24,"column":4},"end":{"line":24,"column":5}},"loc":{"start":{"line":24,"column":25},"end":{"line":31,"column":5}},"line":24},"2":{"name":"(anonymous_2)","decl":{"start":{"line":33,"column":4},"end":{"line":33,"column":5}},"loc":{"start":{"line":33,"column":27},"end":{"line":49,"column":5}},"line":33},"3":{"name":"(anonymous_3)","decl":{"start":{"line":46,"column":39},"end":{"line":46,"column":40}},"loc":{"start":{"line":46,"column":45},"end":{"line":46,"column":94}},"line":46},"4":{"name":"(anonymous_4)","decl":{"start":{"line":46,"column":72},"end":{"line":46,"column":73}},"loc":{"start":{"line":46,"column":78},"end":{"line":46,"column":93}},"line":46},"5":{"name":"(anonymous_5)","decl":{"start":{"line":51,"column":4},"end":{"line":51,"column":5}},"loc":{"start":{"line":51,"column":24},"end":{"line":56,"column":5}},"line":51},"6":{"name":"(anonymous_6)","decl":{"start":{"line":59,"column":4},"end":{"line":59,"column":5}},"loc":{"start":{"line":59,"column":27},"end":{"line":66,"column":5}},"line":59},"7":{"name":"(anonymous_7)","decl":{"start":{"line":61,"column":26},"end":{"line":61,"column":27}},"loc":{"start":{"line":61,"column":37},"end":{"line":61,"column":62}},"line":61}},"branchMap":{},"s":{"0":1,"1":1,"2":1,"3":1,"4":1,"5":1,"6":1,"7":1,"8":9,"9":9,"10":9,"11":2,"12":2,"13":1,"14":1,"15":1,"16":1,"17":1,"18":1,"19":0,"20":1,"21":1,"22":1,"23":1,"24":1,"25":1,"26":1,"27":1,"28":1,"29":1,"30":1,"31":1,"32":1,"33":1,"34":1},"f":{"0":9,"1":2,"2":1,"3":1,"4":0,"5":1,"6":1,"7":1},"b":{},"_coverageSchema":"1a1c01bbd47fc00a2c39e90264f33305004495a9","hash":"2ea9d2e3d348b6d635fa45d0aa8929cd7367fbba"}
}
