TN:
SF:Classes\Bank.js
FN:6,(anonymous_0)
FN:13,(anonymous_1)
FN:15,(anonymous_2)
FNF:3
FNH:3
FNDA:1,(anonymous_0)
FNDA:1,(anonymous_1)
FNDA:1,(anonymous_2)
DA:1,2
DA:2,2
DA:7,1
DA:8,1
DA:9,1
DA:14,1
DA:15,1
DA:16,1
DA:23,2
LF:9
LH:9
BRF:0
BRH:0
end_of_record
TN:
SF:Classes\CardIssuer.js
FN:5,(anonymous_0)
FN:12,(anonymous_1)
FN:14,(anonymous_2)
FNF:3
FNH:3
FNDA:1,(anonymous_0)
FNDA:1,(anonymous_1)
FNDA:1,(anonymous_2)
DA:1,1
DA:6,1
DA:7,1
DA:8,1
DA:13,1
DA:14,1
DA:15,1
DA:19,1
LF:8
LH:8
BRF:0
BRH:0
end_of_record
TN:
SF:Classes\GooglePay.js
FN:5,(anonymous_0)
FN:11,(anonymous_1)
FN:13,(anonymous_2)
FNF:3
FNH:3
FNDA:2,(anonymous_0)
FNDA:1,(anonymous_1)
FNDA:1,(anonymous_2)
DA:1,2
DA:6,2
DA:7,2
DA:8,2
DA:12,1
DA:13,1
DA:14,1
DA:15,1
DA:19,2
LF:9
LH:9
BRF:0
BRH:0
end_of_record
TN:
SF:Classes\Guest.js
FN:9,(anonymous_0)
FN:17,(anonymous_1)
FN:27,(anonymous_2)
FNF:3
FNH:3
FNDA:12,(anonymous_0)
FNDA:3,(anonymous_1)
FNDA:4,(anonymous_2)
DA:10,12
DA:11,12
DA:12,12
DA:13,12
DA:14,12
DA:18,3
DA:20,0
DA:23,3
DA:28,4
DA:38,2
LF:10
LH:9
BRDA:18,0,0,0
BRDA:18,0,1,3
BRF:2
BRH:1
end_of_record
TN:
SF:Classes\Payment.js
FN:7,(anonymous_0)
FN:14,(anonymous_1)
FN:16,(anonymous_2)
FN:24,(anonymous_3)
FNF:4
FNH:4
FNDA:7,(anonymous_0)
FNDA:2,(anonymous_1)
FNDA:1,(anonymous_2)
FNDA:1,(anonymous_3)
DA:8,7
DA:9,7
DA:10,7
DA:15,2
DA:16,1
DA:17,1
DA:20,1
DA:26,1
DA:27,1
DA:34,5
LF:10
LH:10
BRDA:15,0,0,1
BRDA:15,0,1,1
BRF:2
BRH:2
end_of_record
TN:
SF:Classes\Scooter.js
FN:9,(anonymous_0)
FN:17,(anonymous_1)
FN:22,(anonymous_2)
FNF:3
FNH:3
FNDA:6,(anonymous_0)
FNDA:1,(anonymous_1)
FNDA:6,(anonymous_2)
DA:10,6
DA:11,6
DA:12,6
DA:13,6
DA:14,6
DA:18,1
DA:19,1
DA:24,6
DA:25,6
DA:29,6
DA:30,2
DA:31,2
DA:33,4
DA:34,4
DA:37,2
LF:15
LH:15
BRDA:29,0,0,2
BRDA:29,0,1,4
BRDA:29,1,0,6
BRDA:29,1,1,4
BRF:4
BRH:4
end_of_record
TN:
SF:Classes\Station.js
FN:6,(anonymous_0)
FN:11,(anonymous_1)
FN:14,(anonymous_2)
FNF:3
FNH:3
FNDA:2,(anonymous_0)
FNDA:2,(anonymous_1)
FNDA:2,(anonymous_2)
DA:4,2
DA:7,2
DA:12,2
DA:14,2
DA:22,2
LF:5
LH:5
BRF:0
BRH:0
end_of_record
TN:
SF:Classes\User.js
FN:17,(anonymous_0)
FN:24,(anonymous_1)
FN:33,(anonymous_2)
FN:46,(anonymous_3)
FN:46,(anonymous_4)
FN:51,(anonymous_5)
FN:59,(anonymous_6)
FN:61,(anonymous_7)
FNF:8
FNH:7
FNDA:9,(anonymous_0)
FNDA:2,(anonymous_1)
FNDA:1,(anonymous_2)
FNDA:1,(anonymous_3)
FNDA:0,(anonymous_4)
FNDA:1,(anonymous_5)
FNDA:1,(anonymous_6)
FNDA:1,(anonymous_7)
DA:1,1
DA:2,1
DA:3,1
DA:4,1
DA:5,1
DA:6,1
DA:7,1
DA:8,1
DA:18,9
DA:19,9
DA:20,9
DA:26,2
DA:28,2
DA:37,1
DA:38,1
DA:40,1
DA:43,1
DA:46,1
DA:52,1
DA:53,1
DA:54,1
DA:61,1
DA:62,1
DA:69,1
DA:73,1
DA:74,1
DA:75,1
DA:76,1
DA:79,1
DA:82,1
DA:84,1
DA:86,1
LF:32
LH:32
BRF:0
BRH:0
end_of_record
