TN:
SF:Classes\Account.js
FN:6,(anonymous_0)
FN:12,(anonymous_1)
FNF:2
FNH:0
FNDA:0,(anonymous_0)
FNDA:0,(anonymous_1)
DA:1,1
DA:2,1
DA:8,0
DA:9,0
DA:10,0
DA:14,0
DA:17,1
LF:7
LH:3
BRF:0
BRH:0
end_of_record
TN:
SF:Classes\Guest.js
FN:10,(anonymous_0)
FN:18,(anonymous_1)
FN:28,(anonymous_2)
FNF:3
FNH:3
FNDA:3,(anonymous_0)
FNDA:3,(anonymous_1)
FNDA:1,(anonymous_2)
DA:1,1
DA:11,3
DA:12,3
DA:13,3
DA:14,3
DA:15,3
DA:25,3
DA:29,1
DA:35,1
LF:9
LH:9
BRF:0
BRH:0
end_of_record
TN:
SF:Classes\Scooter.js
FN:9,(anonymous_0)
FN:17,(anonymous_1)
FN:26,(anonymous_2)
FNF:3
FNH:0
FNDA:0,(anonymous_0)
FNDA:0,(anonymous_1)
FNDA:0,(anonymous_2)
DA:10,0
DA:11,0
DA:12,0
DA:13,0
DA:14,0
DA:18,0
DA:19,0
DA:20,0
DA:22,0
DA:28,0
DA:29,0
DA:32,0
DA:33,0
DA:34,0
DA:36,0
DA:37,0
DA:40,1
LF:17
LH:1
BRDA:18,0,0,0
BRDA:18,0,1,0
BRDA:32,1,0,0
BRDA:32,1,1,0
BRF:4
BRH:0
end_of_record
